# JRE version: OpenJDK Runtime Environment (8.0_152-b08) (build 1.8.0_152-release-915-b08)
# Java VM: OpenJDK 64-Bit Server VM (25.152-b08 mixed mode bsd-amd64 compressed oops)
Heap:
 PSYoungGen      total 307200K, used 160K [0x00000007a0000000, 0x00000007b5c80000, 0x00000007c0000000)
  eden space 257024K, 0% used [0x00000007a0000000,0x00000007a0000000,0x00000007afb00000)
  from space 50176K, 0% used [0x00000007afb00000,0x00000007afb28000,0x00000007b2c00000)
  to   space 49664K, 0% used [0x00000007b2c00000,0x00000007b2c00000,0x00000007b5c80000)
 ParOldGen       total 157184K, used 13639K [0x0000000760000000, 0x0000000769980000, 0x00000007a0000000)
  object space 157184K, 8% used [0x0000000760000000,0x0000000760d51fe0,0x0000000769980000)
 Metaspace       used 58133K, capacity 59016K, committed 61440K, reserved 1103872K
  class space    used 6815K, capacity 7026K, committed 7424K, reserved 1048576K
GC Heap History (10 events):
Event: 26.731 GC heap after
Heap after GC invocations=18 (full 4):
 PSYoungGen      total 226816K, used 10701K [0x00000007a0000000, 0x00000007b1480000, 0x00000007c0000000)
  eden space 174080K, 0% used [0x00000007a0000000,0x00000007a0000000,0x00000007aaa00000)
  from space 52736K, 20% used [0x00000007adc80000,0x00000007ae6f37b0,0x00000007b1000000)
  to   space 51712K, 0% used [0x00000007aaa00000,0x00000007aaa00000,0x00000007adc80000)
 ParOldGen       total 157184K, used 73620K [0x0000000760000000, 0x0000000769980000, 0x00000007a0000000)
  object space 157184K, 46% used [0x0000000760000000,0x00000007647e5340,0x0000000769980000)
 Metaspace       used 54914K, capacity 55938K, committed 56576K, reserved 1099776K
  class space    used 6598K, capacity 6833K, committed 6912K, reserved 1048576K
}
Event: 33.761 GC heap before
{Heap before GC invocations=19 (full 4):
 PSYoungGen      total 226816K, used 184781K [0x00000007a0000000, 0x00000007b1480000, 0x00000007c0000000)
  eden space 174080K, 100% used [0x00000007a0000000,0x00000007aaa00000,0x00000007aaa00000)
  from space 52736K, 20% used [0x00000007adc80000,0x00000007ae6f37b0,0x00000007b1000000)
  to   space 51712K, 0% used [0x00000007aaa00000,0x00000007aaa00000,0x00000007adc80000)
 ParOldGen       total 157184K, used 73620K [0x0000000760000000, 0x0000000769980000, 0x00000007a0000000)
  object space 157184K, 46% used [0x0000000760000000,0x00000007647e5340,0x0000000769980000)
 Metaspace       used 59645K, capacity 60860K, committed 61440K, reserved 1103872K
  class space    used 7021K, capacity 7316K, committed 7424K, reserved 1048576K
Event: 33.782 GC heap after
Heap after GC invocations=19 (full 4):
 PSYoungGen      total 225792K, used 12267K [0x00000007a0000000, 0x00000007b5c80000, 0x00000007c0000000)
  eden space 174080K, 0% used [0x00000007a0000000,0x00000007a0000000,0x00000007aaa00000)
  from space 51712K, 23% used [0x00000007aaa00000,0x00000007ab5fafa8,0x00000007adc80000)
  to   space 49664K, 0% used [0x00000007b2c00000,0x00000007b2c00000,0x00000007b5c80000)
 ParOldGen       total 157184K, used 73748K [0x0000000760000000, 0x0000000769980000, 0x00000007a0000000)
  object space 157184K, 46% used [0x0000000760000000,0x0000000764805340,0x0000000769980000)
 Metaspace       used 59645K, capacity 60860K, committed 61440K, reserved 1103872K
  class space    used 7021K, capacity 7316K, committed 7424K, reserved 1048576K
}
Event: 3619.346 GC heap before
{Heap before GC invocations=20 (full 4):
 PSYoungGen      total 225792K, used 30103K [0x00000007a0000000, 0x00000007b5c80000, 0x00000007c0000000)
  eden space 174080K, 10% used [0x00000007a0000000,0x00000007a116ae28,0x00000007aaa00000)
  from space 51712K, 23% used [0x00000007aaa00000,0x00000007ab5fafa8,0x00000007adc80000)
  to   space 49664K, 0% used [0x00000007b2c00000,0x00000007b2c00000,0x00000007b5c80000)
 ParOldGen       total 157184K, used 73748K [0x0000000760000000, 0x0000000769980000, 0x00000007a0000000)
  object space 157184K, 46% used [0x0000000760000000,0x0000000764805340,0x0000000769980000)
 Metaspace       used 59762K, capacity 60994K, committed 61440K, reserved 1103872K
  class space    used 7022K, capacity 7317K, committed 7424K, reserved 1048576K
Event: 3619.411 GC heap after
Heap after GC invocations=20 (full 4):
 PSYoungGen      total 306688K, used 192K [0x00000007a0000000, 0x00000007b5d80000, 0x00000007c0000000)
  eden space 257024K, 0% used [0x00000007a0000000,0x00000007a0000000,0x00000007afb00000)
  from space 49664K, 0% used [0x00000007b2c00000,0x00000007b2c30000,0x00000007b5c80000)
  to   space 50176K, 0% used [0x00000007afb00000,0x00000007afb00000,0x00000007b2c00000)
 ParOldGen       total 157184K, used 81454K [0x0000000760000000, 0x0000000769980000, 0x00000007a0000000)
  object space 157184K, 51% used [0x0000000760000000,0x0000000764f8b820,0x0000000769980000)
 Metaspace       used 59762K, capacity 60994K, committed 61440K, reserved 1103872K
  class space    used 7022K, capacity 7317K, committed 7424K, reserved 1048576K
}
Event: 3619.411 GC heap before
{Heap before GC invocations=21 (full 5):
 PSYoungGen      total 306688K, used 192K [0x00000007a0000000, 0x00000007b5d80000, 0x00000007c0000000)
  eden space 257024K, 0% used [0x00000007a0000000,0x00000007a0000000,0x00000007afb00000)
  from space 49664K, 0% used [0x00000007b2c00000,0x00000007b2c30000,0x00000007b5c80000)
  to   space 50176K, 0% used [0x00000007afb00000,0x00000007afb00000,0x00000007b2c00000)
 ParOldGen       total 157184K, used 81454K [0x0000000760000000, 0x0000000769980000, 0x00000007a0000000)
  object space 157184K, 51% used [0x0000000760000000,0x0000000764f8b820,0x0000000769980000)
 Metaspace       used 59762K, capacity 60994K, committed 61440K, reserved 1103872K
  class space    used 7022K, capacity 7317K, committed 7424K, reserved 1048576K
Event: 3619.788 GC heap after
Heap after GC invocations=21 (full 5):
 PSYoungGen      total 306688K, used 0K [0x00000007a0000000, 0x00000007b5d80000, 0x00000007c0000000)
  eden space 257024K, 0% used [0x00000007a0000000,0x00000007a0000000,0x00000007afb00000)
  from space 49664K, 0% used [0x00000007b2c00000,0x00000007b2c00000,0x00000007b5c80000)
  to   space 50176K, 0% used [0x00000007afb00000,0x00000007afb00000,0x00000007b2c00000)
 ParOldGen       total 157184K, used 13639K [0x0000000760000000, 0x0000000769980000, 0x00000007a0000000)
  object space 157184K, 8% used [0x0000000760000000,0x0000000760d51fe0,0x0000000769980000)
 Metaspace       used 58115K, capacity 58992K, committed 61440K, reserved 1103872K
  class space    used 6813K, capacity 7022K, committed 7424K, reserved 1048576K
}
Event: 7219.800 GC heap before
{Heap before GC invocations=22 (full 5):
 PSYoungGen      total 306688K, used 10105K [0x00000007a0000000, 0x00000007b5d80000, 0x00000007c0000000)
  eden space 257024K, 3% used [0x00000007a0000000,0x00000007a09de730,0x00000007afb00000)
  from space 49664K, 0% used [0x00000007b2c00000,0x00000007b2c00000,0x00000007b5c80000)
  to   space 50176K, 0% used [0x00000007afb00000,0x00000007afb00000,0x00000007b2c00000)
 ParOldGen       total 157184K, used 13639K [0x0000000760000000, 0x0000000769980000, 0x00000007a0000000)
  object space 157184K, 8% used [0x0000000760000000,0x0000000760d51fe0,0x0000000769980000)
 Metaspace       used 58133K, capacity 59016K, committed 61440K, reserved 1103872K
  class space    used 6815K, capacity 7026K, committed 7424K, reserved 1048576K
Event: 7220.043 GC heap after
Heap after GC invocations=22 (full 5):
 PSYoungGen      total 307200K, used 160K [0x00000007a0000000, 0x00000007b5c80000, 0x00000007c0000000)
  eden space 257024K, 0% used [0x00000007a0000000,0x00000007a0000000,0x00000007afb00000)
  from space 50176K, 0% used [0x00000007afb00000,0x00000007afb28000,0x00000007b2c00000)
  to   space 49664K, 0% used [0x00000007b2c00000,0x00000007b2c00000,0x00000007b5c80000)
 ParOldGen       total 157184K, used 13639K [0x0000000760000000, 0x0000000769980000, 0x00000007a0000000)
  object space 157184K, 8% used [0x0000000760000000,0x0000000760d51fe0,0x0000000769980000)
 Metaspace       used 58133K, capacity 59016K, committed 61440K, reserved 1103872K
  class space    used 6815K, capacity 7026K, committed 7424K, reserved 1048576K
}
Event: 7220.043 GC heap before
{Heap before GC invocations=23 (full 6):
 PSYoungGen      total 307200K, used 160K [0x00000007a0000000, 0x00000007b5c80000, 0x00000007c0000000)
  eden space 257024K, 0% used [0x00000007a0000000,0x00000007a0000000,0x00000007afb00000)
  from space 50176K, 0% used [0x00000007afb00000,0x00000007afb28000,0x00000007b2c00000)
  to   space 49664K, 0% used [0x00000007b2c00000,0x00000007b2c00000,0x00000007b5c80000)
 ParOldGen       total 157184K, used 13639K [0x0000000760000000, 0x0000000769980000, 0x00000007a0000000)
  object space 157184K, 8% used [0x0000000760000000,0x0000000760d51fe0,0x0000000769980000)
 Metaspace       used 58133K, capacity 59016K, committed 61440K, reserved 1103872K
  class space    used 6815K, capacity 7026K, committed 7424K, reserved 1048576K

