# JRE version: OpenJDK Runtime Environment (8.0_152-b08) (build 1.8.0_152-release-915-b08)
# Java VM: OpenJDK 64-Bit Server VM (25.152-b08 mixed mode bsd-amd64 compressed oops)
Heap:
 PSYoungGen      total 321024K, used 66922K [0x00000007a0000000, 0x00000007b6780000, 0x00000007c0000000)
  eden space 286720K, 17% used [0x00000007a0000000,0x00000007a3087ca0,0x00000007b1800000)
  from space 34304K, 50% used [0x00000007b1800000,0x00000007b28d2c60,0x00000007b3980000)
  to   space 33280K, 0% used [0x00000007b4700000,0x00000007b4700000,0x00000007b6780000)
 ParOldGen       total 137728K, used 55661K [0x0000000760000000, 0x0000000768680000, 0x00000007a0000000)
  object space 137728K, 40% used [0x0000000760000000,0x000000076365b468,0x0000000768680000)
 Metaspace       used 97175K, capacity 103250K, committed 103512K, reserved 1138688K
  class space    used 12346K, capacity 13909K, committed 13952K, reserved 1048576K
GC Heap History (10 events):
Event: 11630.018 GC heap before
{Heap before GC invocations=31 (full 6):
 PSYoungGen      total 285184K, used 14023K [0x00000007a0000000, 0x00000007b4080000, 0x00000007c0000000)
  eden space 270848K, 0% used [0x00000007a0000000,0x00000007a0000000,0x00000007b0880000)
  from space 14336K, 97% used [0x00000007b0880000,0x00000007b1631ee8,0x00000007b1680000)
  to   space 28672K, 0% used [0x00000007b2480000,0x00000007b2480000,0x00000007b4080000)
 ParOldGen       total 137728K, used 38031K [0x0000000760000000, 0x0000000768680000, 0x00000007a0000000)
  object space 137728K, 27% used [0x0000000760000000,0x0000000762523cb0,0x0000000768680000)
 Metaspace       used 92821K, capacity 96488K, committed 99416K, reserved 1136640K
  class space    used 11616K, capacity 12531K, committed 13184K, reserved 1048576K
Event: 11631.141 GC heap after
Heap after GC invocations=31 (full 6):
 PSYoungGen      total 285184K, used 0K [0x00000007a0000000, 0x00000007b4080000, 0x00000007c0000000)
  eden space 270848K, 0% used [0x00000007a0000000,0x00000007a0000000,0x00000007b0880000)
  from space 14336K, 0% used [0x00000007b0880000,0x00000007b0880000,0x00000007b1680000)
  to   space 28672K, 0% used [0x00000007b2480000,0x00000007b2480000,0x00000007b4080000)
 ParOldGen       total 137728K, used 50364K [0x0000000760000000, 0x0000000768680000, 0x00000007a0000000)
  object space 137728K, 36% used [0x0000000760000000,0x000000076312f370,0x0000000768680000)
 Metaspace       used 92514K, capacity 95930K, committed 99416K, reserved 1136640K
  class space    used 11550K, capacity 12396K, committed 13184K, reserved 1048576K
}
Event: 11659.117 GC heap before
{Heap before GC invocations=32 (full 6):
 PSYoungGen      total 285184K, used 270848K [0x00000007a0000000, 0x00000007b4080000, 0x00000007c0000000)
  eden space 270848K, 100% used [0x00000007a0000000,0x00000007b0880000,0x00000007b0880000)
  from space 14336K, 0% used [0x00000007b0880000,0x00000007b0880000,0x00000007b1680000)
  to   space 28672K, 0% used [0x00000007b2480000,0x00000007b2480000,0x00000007b4080000)
 ParOldGen       total 137728K, used 50364K [0x0000000760000000, 0x0000000768680000, 0x00000007a0000000)
  object space 137728K, 36% used [0x0000000760000000,0x000000076312f370,0x0000000768680000)
 Metaspace       used 94969K, capacity 99352K, committed 101080K, reserved 1136640K
  class space    used 12033K, capacity 13173K, committed 13568K, reserved 1048576K
Event: 11659.166 GC heap after
Heap after GC invocations=32 (full 6):
 PSYoungGen      total 298496K, used 18565K [0x00000007a0000000, 0x00000007b5800000, 0x00000007c0000000)
  eden space 269824K, 0% used [0x00000007a0000000,0x00000007a0000000,0x00000007b0780000)
  from space 28672K, 64% used [0x00000007b2480000,0x00000007b36a1670,0x00000007b4080000)
  to   space 29696K, 0% used [0x00000007b0780000,0x00000007b0780000,0x00000007b2480000)
 ParOldGen       total 137728K, used 50372K [0x0000000760000000, 0x0000000768680000, 0x00000007a0000000)
  object space 137728K, 36% used [0x0000000760000000,0x0000000763131370,0x0000000768680000)
 Metaspace       used 94969K, capacity 99352K, committed 101080K, reserved 1136640K
  class space    used 12033K, capacity 13173K, committed 13568K, reserved 1048576K
}
Event: 11776.421 GC heap before
{Heap before GC invocations=33 (full 6):
 PSYoungGen      total 298496K, used 288389K [0x00000007a0000000, 0x00000007b5800000, 0x00000007c0000000)
  eden space 269824K, 100% used [0x00000007a0000000,0x00000007b0780000,0x00000007b0780000)
  from space 28672K, 64% used [0x00000007b2480000,0x00000007b36a1670,0x00000007b4080000)
  to   space 29696K, 0% used [0x00000007b0780000,0x00000007b0780000,0x00000007b2480000)
 ParOldGen       total 137728K, used 50372K [0x0000000760000000, 0x0000000768680000, 0x00000007a0000000)
  object space 137728K, 36% used [0x0000000760000000,0x0000000763131370,0x0000000768680000)
 Metaspace       used 96111K, capacity 101176K, committed 101720K, reserved 1136640K
  class space    used 12187K, capacity 13484K, committed 13696K, reserved 1048576K
Event: 11776.974 GC heap after
Heap after GC invocations=33 (full 6):
 PSYoungGen      total 299520K, used 29668K [0x00000007a0000000, 0x00000007b6400000, 0x00000007c0000000)
  eden space 269824K, 0% used [0x00000007a0000000,0x00000007a0000000,0x00000007b0780000)
  from space 29696K, 99% used [0x00000007b0780000,0x00000007b2479190,0x00000007b2480000)
  to   space 36352K, 0% used [0x00000007b4080000,0x00000007b4080000,0x00000007b6400000)
 ParOldGen       total 137728K, used 55653K [0x0000000760000000, 0x0000000768680000, 0x00000007a0000000)
  object space 137728K, 40% used [0x0000000760000000,0x0000000763659468,0x0000000768680000)
 Metaspace       used 96111K, capacity 101176K, committed 101720K, reserved 1136640K
  class space    used 12187K, capacity 13484K, committed 13696K, reserved 1048576K
}
Event: 11787.550 GC heap before
{Heap before GC invocations=34 (full 6):
 PSYoungGen      total 299520K, used 299492K [0x00000007a0000000, 0x00000007b6400000, 0x00000007c0000000)
  eden space 269824K, 100% used [0x00000007a0000000,0x00000007b0780000,0x00000007b0780000)
  from space 29696K, 99% used [0x00000007b0780000,0x00000007b2479190,0x00000007b2480000)
  to   space 36352K, 0% used [0x00000007b4080000,0x00000007b4080000,0x00000007b6400000)
 ParOldGen       total 137728K, used 55653K [0x0000000760000000, 0x0000000768680000, 0x00000007a0000000)
  object space 137728K, 40% used [0x0000000760000000,0x0000000763659468,0x0000000768680000)
 Metaspace       used 96358K, capacity 101568K, committed 101976K, reserved 1138688K
  class space    used 12218K, capacity 13520K, committed 13696K, reserved 1048576K
Event: 11787.603 GC heap after
Heap after GC invocations=34 (full 6):
 PSYoungGen      total 313856K, used 15941K [0x00000007a0000000, 0x00000007b5b00000, 0x00000007c0000000)
  eden space 286720K, 0% used [0x00000007a0000000,0x00000007a0000000,0x00000007b1800000)
  from space 27136K, 58% used [0x00000007b4080000,0x00000007b5011690,0x00000007b5b00000)
  to   space 34304K, 0% used [0x00000007b1800000,0x00000007b1800000,0x00000007b3980000)
 ParOldGen       total 137728K, used 55653K [0x0000000760000000, 0x0000000768680000, 0x00000007a0000000)
  object space 137728K, 40% used [0x0000000760000000,0x0000000763659468,0x0000000768680000)
 Metaspace       used 96358K, capacity 101568K, committed 101976K, reserved 1138688K
  class space    used 12218K, capacity 13520K, committed 13696K, reserved 1048576K
}
Event: 12028.035 GC heap before
{Heap before GC invocations=35 (full 6):
 PSYoungGen      total 313856K, used 302661K [0x00000007a0000000, 0x00000007b5b00000, 0x00000007c0000000)
  eden space 286720K, 100% used [0x00000007a0000000,0x00000007b1800000,0x00000007b1800000)
  from space 27136K, 58% used [0x00000007b4080000,0x00000007b5011690,0x00000007b5b00000)
  to   space 34304K, 0% used [0x00000007b1800000,0x00000007b1800000,0x00000007b3980000)
 ParOldGen       total 137728K, used 55653K [0x0000000760000000, 0x0000000768680000, 0x00000007a0000000)
  object space 137728K, 40% used [0x0000000760000000,0x0000000763659468,0x0000000768680000)
 Metaspace       used 97127K, capacity 103180K, committed 103256K, reserved 1138688K
  class space    used 12340K, capacity 13898K, committed 13952K, reserved 1048576K
Event: 12028.228 GC heap after
Heap after GC invocations=35 (full 6):
 PSYoungGen      total 321024K, used 17227K [0x00000007a0000000, 0x00000007b6780000, 0x00000007c0000000)
  eden space 286720K, 0% used [0x00000007a0000000,0x00000007a0000000,0x00000007b1800000)
  from space 34304K, 50% used [0x00000007b1800000,0x00000007b28d2c60,0x00000007b3980000)
  to   space 33280K, 0% used [0x00000007b4700000,0x00000007b4700000,0x00000007b6780000)
 ParOldGen       total 137728K, used 55661K [0x0000000760000000, 0x0000000768680000, 0x00000007a0000000)
  object space 137728K, 40% used [0x0000000760000000,0x000000076365b468,0x0000000768680000)
 Metaspace       used 97127K, capacity 103180K, committed 103256K, reserved 1138688K
  class space    used 12340K, capacity 13898K, committed 13952K, reserved 1048576K
}

